2020-06-19 04:30:00,010 INFO 11252 [Job#15925122000082840787759104001] E:\Program Files\program\message-board\node_modules\egg-multipart\app\schedule\clean_tmpdir.js executing by app
2020-06-19 04:30:00,074 INFO 11252 [Job#15925122000082840787759104001] E:\Program Files\program\message-board\node_modules\egg-multipart\app\schedule\clean_tmpdir.js execute succeed, used 64ms
2020-06-19 04:30:00,021 INFO 15464 [Timer] E:\Program Files\program\message-board\node_modules\egg-multipart\app\schedule\clean_tmpdir.js next time will execute after 86399991ms at 2020-06-20 04:30:00.012
2020-06-19 09:20:58,967 INFO 9784 [egg-schedule]: register schedule E:\Program Files\program\message-board\node_modules\egg-multipart\app\schedule\clean_tmpdir.js
2020-06-19 09:20:58,968 INFO 9784 [egg-schedule]: register schedule E:\Program Files\program\message-board\node_modules\egg-logrotator\app\schedule\clean_log.js
2020-06-19 09:20:58,968 INFO 9784 [egg-schedule]: register schedule E:\Program Files\program\message-board\node_modules\egg-logrotator\app\schedule\rotate_by_file.js
2020-06-19 09:27:30,098 INFO 10044 [egg-schedule]: register schedule E:\Program Files\program\message-board\node_modules\egg-multipart\app\schedule\clean_tmpdir.js
2020-06-19 09:27:30,098 INFO 10044 [egg-schedule]: register schedule E:\Program Files\program\message-board\node_modules\egg-logrotator\app\schedule\clean_log.js
2020-06-19 09:27:30,098 INFO 10044 [egg-schedule]: register schedule E:\Program Files\program\message-board\node_modules\egg-logrotator\app\schedule\rotate_by_file.js
2020-06-19 09:31:57,992 INFO 2768 [egg-schedule]: register schedule E:\Program Files\program\message-board\node_modules\egg-multipart\app\schedule\clean_tmpdir.js
2020-06-19 09:31:57,992 INFO 2768 [egg-schedule]: register schedule E:\Program Files\program\message-board\node_modules\egg-logrotator\app\schedule\clean_log.js
2020-06-19 09:31:57,992 INFO 2768 [egg-schedule]: register schedule E:\Program Files\program\message-board\node_modules\egg-logrotator\app\schedule\rotate_by_file.js
2020-06-19 09:31:59,650 INFO 10648 [Timer] E:\Program Files\program\message-board\node_modules\egg-multipart\app\schedule\clean_tmpdir.js next time will execute after 68280355ms at 2020-06-20 04:30:00.005
2020-06-19 09:31:59,652 INFO 10648 [Timer] E:\Program Files\program\message-board\node_modules\egg-logrotator\app\schedule\clean_log.js next time will execute after 52080349ms at 2020-06-20 00:00:00.001
2020-06-19 09:31:59,654 INFO 10648 [Timer] E:\Program Files\program\message-board\node_modules\egg-logrotator\app\schedule\rotate_by_file.js next time will execute after 52081348ms at 2020-06-20 00:00:01.002
2020-06-19 09:33:08,556 INFO 17292 [egg-schedule]: register schedule E:\Program Files\program\message-board\node_modules\egg-multipart\app\schedule\clean_tmpdir.js
2020-06-19 09:33:08,556 INFO 17292 [egg-schedule]: register schedule E:\Program Files\program\message-board\node_modules\egg-logrotator\app\schedule\clean_log.js
2020-06-19 09:33:08,556 INFO 17292 [egg-schedule]: register schedule E:\Program Files\program\message-board\node_modules\egg-logrotator\app\schedule\rotate_by_file.js
2020-06-19 09:42:03,263 INFO 12284 [egg-schedule]: register schedule E:\Program Files\program\message-board\node_modules\egg-multipart\app\schedule\clean_tmpdir.js
2020-06-19 09:42:03,263 INFO 12284 [egg-schedule]: register schedule E:\Program Files\program\message-board\node_modules\egg-logrotator\app\schedule\clean_log.js
2020-06-19 09:42:03,263 INFO 12284 [egg-schedule]: register schedule E:\Program Files\program\message-board\node_modules\egg-logrotator\app\schedule\rotate_by_file.js
2020-06-19 09:44:58,394 INFO 15416 [egg-schedule]: register schedule E:\Program Files\program\message-board\node_modules\egg-multipart\app\schedule\clean_tmpdir.js
2020-06-19 09:44:58,394 INFO 15416 [egg-schedule]: register schedule E:\Program Files\program\message-board\node_modules\egg-logrotator\app\schedule\clean_log.js
2020-06-19 09:44:58,394 INFO 15416 [egg-schedule]: register schedule E:\Program Files\program\message-board\node_modules\egg-logrotator\app\schedule\rotate_by_file.js
2020-06-19 09:46:12,331 INFO 14224 [egg-schedule]: register schedule E:\Program Files\program\message-board\node_modules\egg-multipart\app\schedule\clean_tmpdir.js
2020-06-19 09:46:12,331 INFO 14224 [egg-schedule]: register schedule E:\Program Files\program\message-board\node_modules\egg-logrotator\app\schedule\clean_log.js
2020-06-19 09:46:12,331 INFO 14224 [egg-schedule]: register schedule E:\Program Files\program\message-board\node_modules\egg-logrotator\app\schedule\rotate_by_file.js
2020-06-19 09:46:50,547 INFO 8468 [egg-schedule]: register schedule E:\Program Files\program\message-board\node_modules\egg-multipart\app\schedule\clean_tmpdir.js
2020-06-19 09:46:50,547 INFO 8468 [egg-schedule]: register schedule E:\Program Files\program\message-board\node_modules\egg-logrotator\app\schedule\clean_log.js
2020-06-19 09:46:50,547 INFO 8468 [egg-schedule]: register schedule E:\Program Files\program\message-board\node_modules\egg-logrotator\app\schedule\rotate_by_file.js
2020-06-19 09:47:06,001 INFO 10972 [egg-schedule]: register schedule E:\Program Files\program\message-board\node_modules\egg-multipart\app\schedule\clean_tmpdir.js
2020-06-19 09:47:06,001 INFO 10972 [egg-schedule]: register schedule E:\Program Files\program\message-board\node_modules\egg-logrotator\app\schedule\clean_log.js
2020-06-19 09:47:06,001 INFO 10972 [egg-schedule]: register schedule E:\Program Files\program\message-board\node_modules\egg-logrotator\app\schedule\rotate_by_file.js
2020-06-19 09:47:12,280 INFO 2016 [egg-schedule]: register schedule E:\Program Files\program\message-board\node_modules\egg-multipart\app\schedule\clean_tmpdir.js
2020-06-19 09:47:12,280 INFO 2016 [egg-schedule]: register schedule E:\Program Files\program\message-board\node_modules\egg-logrotator\app\schedule\clean_log.js
2020-06-19 09:47:12,280 INFO 2016 [egg-schedule]: register schedule E:\Program Files\program\message-board\node_modules\egg-logrotator\app\schedule\rotate_by_file.js
2020-06-19 09:48:41,735 INFO 10656 [egg-schedule]: register schedule E:\Program Files\program\message-board\node_modules\egg-multipart\app\schedule\clean_tmpdir.js
2020-06-19 09:48:41,735 INFO 10656 [egg-schedule]: register schedule E:\Program Files\program\message-board\node_modules\egg-logrotator\app\schedule\clean_log.js
2020-06-19 09:48:41,735 INFO 10656 [egg-schedule]: register schedule E:\Program Files\program\message-board\node_modules\egg-logrotator\app\schedule\rotate_by_file.js
2020-06-19 09:51:16,453 INFO 9784 [egg-schedule]: register schedule E:\Program Files\program\message-board\node_modules\egg-multipart\app\schedule\clean_tmpdir.js
2020-06-19 09:51:16,453 INFO 9784 [egg-schedule]: register schedule E:\Program Files\program\message-board\node_modules\egg-logrotator\app\schedule\clean_log.js
2020-06-19 09:51:16,453 INFO 9784 [egg-schedule]: register schedule E:\Program Files\program\message-board\node_modules\egg-logrotator\app\schedule\rotate_by_file.js
2020-06-19 10:03:06,929 INFO 15864 [egg-schedule]: register schedule E:\Program Files\program\message-board\node_modules\egg-multipart\app\schedule\clean_tmpdir.js
2020-06-19 10:03:06,929 INFO 15864 [egg-schedule]: register schedule E:\Program Files\program\message-board\node_modules\egg-logrotator\app\schedule\clean_log.js
2020-06-19 10:03:06,929 INFO 15864 [egg-schedule]: register schedule E:\Program Files\program\message-board\node_modules\egg-logrotator\app\schedule\rotate_by_file.js
2020-06-19 10:03:44,999 INFO 15200 [egg-schedule]: register schedule E:\Program Files\program\message-board\node_modules\egg-multipart\app\schedule\clean_tmpdir.js
2020-06-19 10:03:44,999 INFO 15200 [egg-schedule]: register schedule E:\Program Files\program\message-board\node_modules\egg-logrotator\app\schedule\clean_log.js
2020-06-19 10:03:44,999 INFO 15200 [egg-schedule]: register schedule E:\Program Files\program\message-board\node_modules\egg-logrotator\app\schedule\rotate_by_file.js
2020-06-19 10:04:43,885 INFO 15892 [egg-schedule]: register schedule E:\Program Files\program\message-board\node_modules\egg-multipart\app\schedule\clean_tmpdir.js
2020-06-19 10:04:43,885 INFO 15892 [egg-schedule]: register schedule E:\Program Files\program\message-board\node_modules\egg-logrotator\app\schedule\clean_log.js
2020-06-19 10:04:43,885 INFO 15892 [egg-schedule]: register schedule E:\Program Files\program\message-board\node_modules\egg-logrotator\app\schedule\rotate_by_file.js
2020-06-19 10:04:57,038 INFO 15872 [egg-schedule]: register schedule E:\Program Files\program\message-board\node_modules\egg-multipart\app\schedule\clean_tmpdir.js
2020-06-19 10:04:57,038 INFO 15872 [egg-schedule]: register schedule E:\Program Files\program\message-board\node_modules\egg-logrotator\app\schedule\clean_log.js
2020-06-19 10:04:57,038 INFO 15872 [egg-schedule]: register schedule E:\Program Files\program\message-board\node_modules\egg-logrotator\app\schedule\rotate_by_file.js
2020-06-19 10:05:24,256 INFO 10268 [egg-schedule]: register schedule E:\Program Files\program\message-board\node_modules\egg-multipart\app\schedule\clean_tmpdir.js
2020-06-19 10:05:24,256 INFO 10268 [egg-schedule]: register schedule E:\Program Files\program\message-board\node_modules\egg-logrotator\app\schedule\clean_log.js
2020-06-19 10:05:24,256 INFO 10268 [egg-schedule]: register schedule E:\Program Files\program\message-board\node_modules\egg-logrotator\app\schedule\rotate_by_file.js
2020-06-19 10:06:14,060 INFO 8024 [egg-schedule]: register schedule E:\Program Files\program\message-board\node_modules\egg-multipart\app\schedule\clean_tmpdir.js
2020-06-19 10:06:14,060 INFO 8024 [egg-schedule]: register schedule E:\Program Files\program\message-board\node_modules\egg-logrotator\app\schedule\clean_log.js
2020-06-19 10:06:14,060 INFO 8024 [egg-schedule]: register schedule E:\Program Files\program\message-board\node_modules\egg-logrotator\app\schedule\rotate_by_file.js
2020-06-19 10:10:03,740 INFO 11248 [egg-schedule]: register schedule E:\Program Files\program\message-board\node_modules\egg-multipart\app\schedule\clean_tmpdir.js
2020-06-19 10:10:03,740 INFO 11248 [egg-schedule]: register schedule E:\Program Files\program\message-board\node_modules\egg-logrotator\app\schedule\clean_log.js
2020-06-19 10:10:03,740 INFO 11248 [egg-schedule]: register schedule E:\Program Files\program\message-board\node_modules\egg-logrotator\app\schedule\rotate_by_file.js
2020-06-19 10:10:31,869 INFO 10540 [egg-schedule]: register schedule E:\Program Files\program\message-board\node_modules\egg-multipart\app\schedule\clean_tmpdir.js
2020-06-19 10:10:31,869 INFO 10540 [egg-schedule]: register schedule E:\Program Files\program\message-board\node_modules\egg-logrotator\app\schedule\clean_log.js
2020-06-19 10:10:31,869 INFO 10540 [egg-schedule]: register schedule E:\Program Files\program\message-board\node_modules\egg-logrotator\app\schedule\rotate_by_file.js
2020-06-19 10:11:42,036 INFO 10668 [egg-schedule]: register schedule E:\Program Files\program\message-board\node_modules\egg-multipart\app\schedule\clean_tmpdir.js
2020-06-19 10:11:42,036 INFO 10668 [egg-schedule]: register schedule E:\Program Files\program\message-board\node_modules\egg-logrotator\app\schedule\clean_log.js
2020-06-19 10:11:42,036 INFO 10668 [egg-schedule]: register schedule E:\Program Files\program\message-board\node_modules\egg-logrotator\app\schedule\rotate_by_file.js
2020-06-19 10:12:45,474 INFO 11140 [egg-schedule]: register schedule E:\Program Files\program\message-board\node_modules\egg-multipart\app\schedule\clean_tmpdir.js
2020-06-19 10:12:45,474 INFO 11140 [egg-schedule]: register schedule E:\Program Files\program\message-board\node_modules\egg-logrotator\app\schedule\clean_log.js
2020-06-19 10:12:45,474 INFO 11140 [egg-schedule]: register schedule E:\Program Files\program\message-board\node_modules\egg-logrotator\app\schedule\rotate_by_file.js
2020-06-19 10:14:51,392 INFO 16748 [egg-schedule]: register schedule E:\Program Files\program\message-board\node_modules\egg-multipart\app\schedule\clean_tmpdir.js
2020-06-19 10:14:51,392 INFO 16748 [egg-schedule]: register schedule E:\Program Files\program\message-board\node_modules\egg-logrotator\app\schedule\clean_log.js
2020-06-19 10:14:51,392 INFO 16748 [egg-schedule]: register schedule E:\Program Files\program\message-board\node_modules\egg-logrotator\app\schedule\rotate_by_file.js
2020-06-19 10:15:24,971 INFO 16548 [egg-schedule]: register schedule E:\Program Files\program\message-board\node_modules\egg-multipart\app\schedule\clean_tmpdir.js
2020-06-19 10:15:24,971 INFO 16548 [egg-schedule]: register schedule E:\Program Files\program\message-board\node_modules\egg-logrotator\app\schedule\clean_log.js
2020-06-19 10:15:24,971 INFO 16548 [egg-schedule]: register schedule E:\Program Files\program\message-board\node_modules\egg-logrotator\app\schedule\rotate_by_file.js
2020-06-19 10:21:10,205 INFO 1640 [egg-schedule]: register schedule E:\Program Files\program\message-board\node_modules\egg-multipart\app\schedule\clean_tmpdir.js
2020-06-19 10:21:10,205 INFO 1640 [egg-schedule]: register schedule E:\Program Files\program\message-board\node_modules\egg-logrotator\app\schedule\clean_log.js
2020-06-19 10:21:10,205 INFO 1640 [egg-schedule]: register schedule E:\Program Files\program\message-board\node_modules\egg-logrotator\app\schedule\rotate_by_file.js
2020-06-19 10:21:38,649 INFO 10776 [egg-schedule]: register schedule E:\Program Files\program\message-board\node_modules\egg-multipart\app\schedule\clean_tmpdir.js
2020-06-19 10:21:38,649 INFO 10776 [egg-schedule]: register schedule E:\Program Files\program\message-board\node_modules\egg-logrotator\app\schedule\clean_log.js
2020-06-19 10:21:38,649 INFO 10776 [egg-schedule]: register schedule E:\Program Files\program\message-board\node_modules\egg-logrotator\app\schedule\rotate_by_file.js
2020-06-19 10:22:31,397 INFO 11908 [egg-schedule]: register schedule E:\Program Files\program\message-board\node_modules\egg-multipart\app\schedule\clean_tmpdir.js
2020-06-19 10:22:31,397 INFO 11908 [egg-schedule]: register schedule E:\Program Files\program\message-board\node_modules\egg-logrotator\app\schedule\clean_log.js
2020-06-19 10:22:31,397 INFO 11908 [egg-schedule]: register schedule E:\Program Files\program\message-board\node_modules\egg-logrotator\app\schedule\rotate_by_file.js
2020-06-19 10:23:22,380 INFO 13344 [egg-schedule]: register schedule E:\Program Files\program\message-board\node_modules\egg-multipart\app\schedule\clean_tmpdir.js
2020-06-19 10:23:22,380 INFO 13344 [egg-schedule]: register schedule E:\Program Files\program\message-board\node_modules\egg-logrotator\app\schedule\clean_log.js
2020-06-19 10:23:22,380 INFO 13344 [egg-schedule]: register schedule E:\Program Files\program\message-board\node_modules\egg-logrotator\app\schedule\rotate_by_file.js
2020-06-19 10:23:47,971 INFO 11352 [egg-schedule]: register schedule E:\Program Files\program\message-board\node_modules\egg-multipart\app\schedule\clean_tmpdir.js
2020-06-19 10:23:47,971 INFO 11352 [egg-schedule]: register schedule E:\Program Files\program\message-board\node_modules\egg-logrotator\app\schedule\clean_log.js
2020-06-19 10:23:47,971 INFO 11352 [egg-schedule]: register schedule E:\Program Files\program\message-board\node_modules\egg-logrotator\app\schedule\rotate_by_file.js
2020-06-19 10:29:12,818 INFO 6944 [egg-schedule]: register schedule E:\Program Files\program\message-board\node_modules\egg-multipart\app\schedule\clean_tmpdir.js
2020-06-19 10:29:12,818 INFO 6944 [egg-schedule]: register schedule E:\Program Files\program\message-board\node_modules\egg-logrotator\app\schedule\clean_log.js
2020-06-19 10:29:12,818 INFO 6944 [egg-schedule]: register schedule E:\Program Files\program\message-board\node_modules\egg-logrotator\app\schedule\rotate_by_file.js
2020-06-19 10:29:14,736 INFO 16796 [Timer] E:\Program Files\program\message-board\node_modules\egg-multipart\app\schedule\clean_tmpdir.js next time will execute after 64845270ms at 2020-06-20 04:30:00.006
2020-06-19 10:29:14,737 INFO 16796 [Timer] E:\Program Files\program\message-board\node_modules\egg-logrotator\app\schedule\clean_log.js next time will execute after 48645264ms at 2020-06-20 00:00:00.000
2020-06-19 10:29:14,737 INFO 16796 [Timer] E:\Program Files\program\message-board\node_modules\egg-logrotator\app\schedule\rotate_by_file.js next time will execute after 48646263ms at 2020-06-20 00:00:01.000
2020-06-19 10:33:52,705 INFO 12732 [egg-schedule]: register schedule E:\Program Files\program\message-board\node_modules\egg-multipart\app\schedule\clean_tmpdir.js
2020-06-19 10:33:52,705 INFO 12732 [egg-schedule]: register schedule E:\Program Files\program\message-board\node_modules\egg-logrotator\app\schedule\clean_log.js
2020-06-19 10:33:52,705 INFO 12732 [egg-schedule]: register schedule E:\Program Files\program\message-board\node_modules\egg-logrotator\app\schedule\rotate_by_file.js
2020-06-19 10:34:50,138 INFO 11540 [egg-schedule]: register schedule E:\Program Files\program\message-board\node_modules\egg-multipart\app\schedule\clean_tmpdir.js
2020-06-19 10:34:50,138 INFO 11540 [egg-schedule]: register schedule E:\Program Files\program\message-board\node_modules\egg-logrotator\app\schedule\clean_log.js
2020-06-19 10:34:50,138 INFO 11540 [egg-schedule]: register schedule E:\Program Files\program\message-board\node_modules\egg-logrotator\app\schedule\rotate_by_file.js
2020-06-19 10:35:09,797 INFO 14448 [egg-schedule]: register schedule E:\Program Files\program\message-board\node_modules\egg-multipart\app\schedule\clean_tmpdir.js
2020-06-19 10:35:09,797 INFO 14448 [egg-schedule]: register schedule E:\Program Files\program\message-board\node_modules\egg-logrotator\app\schedule\clean_log.js
2020-06-19 10:35:09,797 INFO 14448 [egg-schedule]: register schedule E:\Program Files\program\message-board\node_modules\egg-logrotator\app\schedule\rotate_by_file.js
2020-06-19 10:35:11,264 INFO 196 [Timer] E:\Program Files\program\message-board\node_modules\egg-multipart\app\schedule\clean_tmpdir.js next time will execute after 64488743ms at 2020-06-20 04:30:00.007
2020-06-19 10:35:11,265 INFO 196 [Timer] E:\Program Files\program\message-board\node_modules\egg-logrotator\app\schedule\clean_log.js next time will execute after 48288736ms at 2020-06-20 00:00:00.001
2020-06-19 10:35:11,266 INFO 196 [Timer] E:\Program Files\program\message-board\node_modules\egg-logrotator\app\schedule\rotate_by_file.js next time will execute after 48289735ms at 2020-06-20 00:00:01.001
2020-06-19 10:41:17,507 INFO 6712 [egg-schedule]: register schedule E:\Program Files\program\message-board\node_modules\egg-multipart\app\schedule\clean_tmpdir.js
2020-06-19 10:41:17,507 INFO 6712 [egg-schedule]: register schedule E:\Program Files\program\message-board\node_modules\egg-logrotator\app\schedule\clean_log.js
2020-06-19 10:41:17,507 INFO 6712 [egg-schedule]: register schedule E:\Program Files\program\message-board\node_modules\egg-logrotator\app\schedule\rotate_by_file.js
2020-06-19 10:45:51,508 INFO 5336 [egg-schedule]: register schedule E:\Program Files\program\message-board\node_modules\egg-multipart\app\schedule\clean_tmpdir.js
2020-06-19 10:45:51,508 INFO 5336 [egg-schedule]: register schedule E:\Program Files\program\message-board\node_modules\egg-logrotator\app\schedule\clean_log.js
2020-06-19 10:45:51,508 INFO 5336 [egg-schedule]: register schedule E:\Program Files\program\message-board\node_modules\egg-logrotator\app\schedule\rotate_by_file.js
2020-06-19 10:45:54,523 INFO 9908 [Timer] E:\Program Files\program\message-board\node_modules\egg-multipart\app\schedule\clean_tmpdir.js next time will execute after 63845482ms at 2020-06-20 04:30:00.005
2020-06-19 10:45:54,524 INFO 9908 [Timer] E:\Program Files\program\message-board\node_modules\egg-logrotator\app\schedule\clean_log.js next time will execute after 47645476ms at 2020-06-20 00:00:00.000
2020-06-19 10:45:54,526 INFO 9908 [Timer] E:\Program Files\program\message-board\node_modules\egg-logrotator\app\schedule\rotate_by_file.js next time will execute after 47646475ms at 2020-06-20 00:00:01.001
2020-06-19 10:46:07,647 INFO 7372 [egg-schedule]: register schedule E:\Program Files\program\message-board\node_modules\egg-multipart\app\schedule\clean_tmpdir.js
2020-06-19 10:46:07,647 INFO 7372 [egg-schedule]: register schedule E:\Program Files\program\message-board\node_modules\egg-logrotator\app\schedule\clean_log.js
2020-06-19 10:46:07,647 INFO 7372 [egg-schedule]: register schedule E:\Program Files\program\message-board\node_modules\egg-logrotator\app\schedule\rotate_by_file.js
2020-06-19 10:47:05,201 INFO 8052 [egg-schedule]: register schedule E:\Program Files\program\message-board\node_modules\egg-multipart\app\schedule\clean_tmpdir.js
2020-06-19 10:47:05,201 INFO 8052 [egg-schedule]: register schedule E:\Program Files\program\message-board\node_modules\egg-logrotator\app\schedule\clean_log.js
2020-06-19 10:47:05,201 INFO 8052 [egg-schedule]: register schedule E:\Program Files\program\message-board\node_modules\egg-logrotator\app\schedule\rotate_by_file.js
2020-06-19 10:47:15,245 INFO 16588 [egg-schedule]: register schedule E:\Program Files\program\message-board\node_modules\egg-multipart\app\schedule\clean_tmpdir.js
2020-06-19 10:47:15,245 INFO 16588 [egg-schedule]: register schedule E:\Program Files\program\message-board\node_modules\egg-logrotator\app\schedule\clean_log.js
2020-06-19 10:47:15,245 INFO 16588 [egg-schedule]: register schedule E:\Program Files\program\message-board\node_modules\egg-logrotator\app\schedule\rotate_by_file.js
2020-06-19 10:47:50,281 INFO 11236 [egg-schedule]: register schedule E:\Program Files\program\message-board\node_modules\egg-multipart\app\schedule\clean_tmpdir.js
2020-06-19 10:47:50,281 INFO 11236 [egg-schedule]: register schedule E:\Program Files\program\message-board\node_modules\egg-logrotator\app\schedule\clean_log.js
2020-06-19 10:47:50,281 INFO 11236 [egg-schedule]: register schedule E:\Program Files\program\message-board\node_modules\egg-logrotator\app\schedule\rotate_by_file.js
2020-06-19 10:48:27,384 INFO 6800 [egg-schedule]: register schedule E:\Program Files\program\message-board\node_modules\egg-multipart\app\schedule\clean_tmpdir.js
2020-06-19 10:48:27,384 INFO 6800 [egg-schedule]: register schedule E:\Program Files\program\message-board\node_modules\egg-logrotator\app\schedule\clean_log.js
2020-06-19 10:48:27,384 INFO 6800 [egg-schedule]: register schedule E:\Program Files\program\message-board\node_modules\egg-logrotator\app\schedule\rotate_by_file.js
2020-06-19 10:49:01,486 INFO 15528 [egg-schedule]: register schedule E:\Program Files\program\message-board\node_modules\egg-multipart\app\schedule\clean_tmpdir.js
2020-06-19 10:49:01,486 INFO 15528 [egg-schedule]: register schedule E:\Program Files\program\message-board\node_modules\egg-logrotator\app\schedule\clean_log.js
2020-06-19 10:49:01,486 INFO 15528 [egg-schedule]: register schedule E:\Program Files\program\message-board\node_modules\egg-logrotator\app\schedule\rotate_by_file.js
2020-06-19 10:58:28,795 INFO 12472 [egg-schedule]: register schedule E:\Program Files\program\message-board\node_modules\egg-multipart\app\schedule\clean_tmpdir.js
2020-06-19 10:58:28,795 INFO 12472 [egg-schedule]: register schedule E:\Program Files\program\message-board\node_modules\egg-logrotator\app\schedule\clean_log.js
2020-06-19 10:58:28,795 INFO 12472 [egg-schedule]: register schedule E:\Program Files\program\message-board\node_modules\egg-logrotator\app\schedule\rotate_by_file.js
2020-06-19 10:58:30,259 INFO 15028 [Timer] E:\Program Files\program\message-board\node_modules\egg-multipart\app\schedule\clean_tmpdir.js next time will execute after 63089747ms at 2020-06-20 04:30:00.005
2020-06-19 10:58:30,260 INFO 15028 [Timer] E:\Program Files\program\message-board\node_modules\egg-logrotator\app\schedule\clean_log.js next time will execute after 46889741ms at 2020-06-20 00:00:00.001
2020-06-19 10:58:30,260 INFO 15028 [Timer] E:\Program Files\program\message-board\node_modules\egg-logrotator\app\schedule\rotate_by_file.js next time will execute after 46890740ms at 2020-06-20 00:00:01.000
2020-06-19 10:58:56,400 INFO 16712 [egg-schedule]: register schedule E:\Program Files\program\message-board\node_modules\egg-multipart\app\schedule\clean_tmpdir.js
2020-06-19 10:58:56,400 INFO 16712 [egg-schedule]: register schedule E:\Program Files\program\message-board\node_modules\egg-logrotator\app\schedule\clean_log.js
2020-06-19 10:58:56,400 INFO 16712 [egg-schedule]: register schedule E:\Program Files\program\message-board\node_modules\egg-logrotator\app\schedule\rotate_by_file.js
2020-06-19 10:59:29,964 INFO 16044 [egg-schedule]: register schedule E:\Program Files\program\message-board\node_modules\egg-multipart\app\schedule\clean_tmpdir.js
2020-06-19 10:59:29,964 INFO 16044 [egg-schedule]: register schedule E:\Program Files\program\message-board\node_modules\egg-logrotator\app\schedule\clean_log.js
2020-06-19 10:59:29,964 INFO 16044 [egg-schedule]: register schedule E:\Program Files\program\message-board\node_modules\egg-logrotator\app\schedule\rotate_by_file.js
2020-06-19 11:09:31,564 INFO 11780 [egg-schedule]: register schedule E:\Program Files\program\message-board\node_modules\egg-multipart\app\schedule\clean_tmpdir.js
2020-06-19 11:09:31,564 INFO 11780 [egg-schedule]: register schedule E:\Program Files\program\message-board\node_modules\egg-logrotator\app\schedule\clean_log.js
2020-06-19 11:09:31,564 INFO 11780 [egg-schedule]: register schedule E:\Program Files\program\message-board\node_modules\egg-logrotator\app\schedule\rotate_by_file.js
2020-06-19 11:09:33,037 INFO 9108 [Timer] E:\Program Files\program\message-board\node_modules\egg-multipart\app\schedule\clean_tmpdir.js next time will execute after 62426967ms at 2020-06-20 04:30:00.003
2020-06-19 11:09:33,038 INFO 9108 [Timer] E:\Program Files\program\message-board\node_modules\egg-logrotator\app\schedule\clean_log.js next time will execute after 46226963ms at 2020-06-20 00:00:00.001
2020-06-19 11:09:33,039 INFO 9108 [Timer] E:\Program Files\program\message-board\node_modules\egg-logrotator\app\schedule\rotate_by_file.js next time will execute after 46227962ms at 2020-06-20 00:00:01.001
2020-06-19 11:13:16,440 INFO 12192 [egg-schedule]: register schedule E:\Program Files\program\message-board\node_modules\egg-multipart\app\schedule\clean_tmpdir.js
2020-06-19 11:13:16,440 INFO 12192 [egg-schedule]: register schedule E:\Program Files\program\message-board\node_modules\egg-logrotator\app\schedule\clean_log.js
2020-06-19 11:13:16,440 INFO 12192 [egg-schedule]: register schedule E:\Program Files\program\message-board\node_modules\egg-logrotator\app\schedule\rotate_by_file.js
2020-06-19 11:13:38,115 INFO 1820 [egg-schedule]: register schedule E:\Program Files\program\message-board\node_modules\egg-multipart\app\schedule\clean_tmpdir.js
2020-06-19 11:13:38,115 INFO 1820 [egg-schedule]: register schedule E:\Program Files\program\message-board\node_modules\egg-logrotator\app\schedule\clean_log.js
2020-06-19 11:13:38,115 INFO 1820 [egg-schedule]: register schedule E:\Program Files\program\message-board\node_modules\egg-logrotator\app\schedule\rotate_by_file.js
2020-06-19 11:19:41,600 INFO 13152 [egg-schedule]: register schedule E:\Program Files\program\message-board\node_modules\egg-multipart\app\schedule\clean_tmpdir.js
2020-06-19 11:19:41,600 INFO 13152 [egg-schedule]: register schedule E:\Program Files\program\message-board\node_modules\egg-logrotator\app\schedule\clean_log.js
2020-06-19 11:19:41,600 INFO 13152 [egg-schedule]: register schedule E:\Program Files\program\message-board\node_modules\egg-logrotator\app\schedule\rotate_by_file.js
2020-06-19 11:20:49,512 INFO 16148 [egg-schedule]: register schedule E:\Program Files\program\message-board\node_modules\egg-multipart\app\schedule\clean_tmpdir.js
2020-06-19 11:20:49,512 INFO 16148 [egg-schedule]: register schedule E:\Program Files\program\message-board\node_modules\egg-logrotator\app\schedule\clean_log.js
2020-06-19 11:20:49,512 INFO 16148 [egg-schedule]: register schedule E:\Program Files\program\message-board\node_modules\egg-logrotator\app\schedule\rotate_by_file.js
2020-06-19 11:30:00,362 INFO 1664 [egg-schedule]: register schedule E:\Program Files\program\message-board\node_modules\egg-multipart\app\schedule\clean_tmpdir.js
2020-06-19 11:30:00,362 INFO 1664 [egg-schedule]: register schedule E:\Program Files\program\message-board\node_modules\egg-logrotator\app\schedule\clean_log.js
2020-06-19 11:30:00,362 INFO 1664 [egg-schedule]: register schedule E:\Program Files\program\message-board\node_modules\egg-logrotator\app\schedule\rotate_by_file.js
2020-06-19 11:31:30,287 INFO 15016 [egg-schedule]: register schedule E:\Program Files\program\message-board\node_modules\egg-multipart\app\schedule\clean_tmpdir.js
2020-06-19 11:31:30,287 INFO 15016 [egg-schedule]: register schedule E:\Program Files\program\message-board\node_modules\egg-logrotator\app\schedule\clean_log.js
2020-06-19 11:31:30,287 INFO 15016 [egg-schedule]: register schedule E:\Program Files\program\message-board\node_modules\egg-logrotator\app\schedule\rotate_by_file.js
2020-06-19 11:31:45,840 INFO 8160 [egg-schedule]: register schedule E:\Program Files\program\message-board\node_modules\egg-multipart\app\schedule\clean_tmpdir.js
2020-06-19 11:31:45,840 INFO 8160 [egg-schedule]: register schedule E:\Program Files\program\message-board\node_modules\egg-logrotator\app\schedule\clean_log.js
2020-06-19 11:31:45,840 INFO 8160 [egg-schedule]: register schedule E:\Program Files\program\message-board\node_modules\egg-logrotator\app\schedule\rotate_by_file.js
2020-06-19 11:39:53,225 INFO 13020 [egg-schedule]: register schedule E:\Program Files\program\message-board\node_modules\egg-multipart\app\schedule\clean_tmpdir.js
2020-06-19 11:39:53,225 INFO 13020 [egg-schedule]: register schedule E:\Program Files\program\message-board\node_modules\egg-logrotator\app\schedule\clean_log.js
2020-06-19 11:39:53,225 INFO 13020 [egg-schedule]: register schedule E:\Program Files\program\message-board\node_modules\egg-logrotator\app\schedule\rotate_by_file.js
2020-06-19 11:40:08,481 INFO 7164 [egg-schedule]: register schedule E:\Program Files\program\message-board\node_modules\egg-multipart\app\schedule\clean_tmpdir.js
2020-06-19 11:40:08,481 INFO 7164 [egg-schedule]: register schedule E:\Program Files\program\message-board\node_modules\egg-logrotator\app\schedule\clean_log.js
2020-06-19 11:40:08,481 INFO 7164 [egg-schedule]: register schedule E:\Program Files\program\message-board\node_modules\egg-logrotator\app\schedule\rotate_by_file.js
2020-06-19 11:42:13,625 INFO 7132 [egg-schedule]: register schedule E:\Program Files\program\message-board\node_modules\egg-multipart\app\schedule\clean_tmpdir.js
2020-06-19 11:42:13,625 INFO 7132 [egg-schedule]: register schedule E:\Program Files\program\message-board\node_modules\egg-logrotator\app\schedule\clean_log.js
2020-06-19 11:42:13,625 INFO 7132 [egg-schedule]: register schedule E:\Program Files\program\message-board\node_modules\egg-logrotator\app\schedule\rotate_by_file.js
2020-06-19 11:42:33,824 INFO 14676 [egg-schedule]: register schedule E:\Program Files\program\message-board\node_modules\egg-multipart\app\schedule\clean_tmpdir.js
2020-06-19 11:42:33,824 INFO 14676 [egg-schedule]: register schedule E:\Program Files\program\message-board\node_modules\egg-logrotator\app\schedule\clean_log.js
2020-06-19 11:42:33,824 INFO 14676 [egg-schedule]: register schedule E:\Program Files\program\message-board\node_modules\egg-logrotator\app\schedule\rotate_by_file.js
2020-06-19 11:42:39,135 INFO 1292 [egg-schedule]: register schedule E:\Program Files\program\message-board\node_modules\egg-multipart\app\schedule\clean_tmpdir.js
2020-06-19 11:42:39,135 INFO 1292 [egg-schedule]: register schedule E:\Program Files\program\message-board\node_modules\egg-logrotator\app\schedule\clean_log.js
2020-06-19 11:42:39,135 INFO 1292 [egg-schedule]: register schedule E:\Program Files\program\message-board\node_modules\egg-logrotator\app\schedule\rotate_by_file.js
2020-06-19 11:43:41,114 INFO 16956 [egg-schedule]: register schedule E:\Program Files\program\message-board\node_modules\egg-multipart\app\schedule\clean_tmpdir.js
2020-06-19 11:43:41,114 INFO 16956 [egg-schedule]: register schedule E:\Program Files\program\message-board\node_modules\egg-logrotator\app\schedule\clean_log.js
2020-06-19 11:43:41,114 INFO 16956 [egg-schedule]: register schedule E:\Program Files\program\message-board\node_modules\egg-logrotator\app\schedule\rotate_by_file.js
2020-06-19 11:43:58,637 INFO 12284 [egg-schedule]: register schedule E:\Program Files\program\message-board\node_modules\egg-multipart\app\schedule\clean_tmpdir.js
2020-06-19 11:43:58,637 INFO 12284 [egg-schedule]: register schedule E:\Program Files\program\message-board\node_modules\egg-logrotator\app\schedule\clean_log.js
2020-06-19 11:43:58,637 INFO 12284 [egg-schedule]: register schedule E:\Program Files\program\message-board\node_modules\egg-logrotator\app\schedule\rotate_by_file.js
2020-06-19 11:44:21,671 INFO 13700 [egg-schedule]: register schedule E:\Program Files\program\message-board\node_modules\egg-multipart\app\schedule\clean_tmpdir.js
2020-06-19 11:44:21,671 INFO 13700 [egg-schedule]: register schedule E:\Program Files\program\message-board\node_modules\egg-logrotator\app\schedule\clean_log.js
2020-06-19 11:44:21,671 INFO 13700 [egg-schedule]: register schedule E:\Program Files\program\message-board\node_modules\egg-logrotator\app\schedule\rotate_by_file.js
2020-06-19 11:44:23,203 INFO 9116 [Timer] E:\Program Files\program\message-board\node_modules\egg-multipart\app\schedule\clean_tmpdir.js next time will execute after 60336804ms at 2020-06-20 04:30:00.006
2020-06-19 11:44:23,203 INFO 9116 [Timer] E:\Program Files\program\message-board\node_modules\egg-logrotator\app\schedule\clean_log.js next time will execute after 44136797ms at 2020-06-20 00:00:00.000
2020-06-19 11:44:23,204 INFO 9116 [Timer] E:\Program Files\program\message-board\node_modules\egg-logrotator\app\schedule\rotate_by_file.js next time will execute after 44137796ms at 2020-06-20 00:00:01.000
2020-06-19 11:44:41,668 INFO 5392 [egg-schedule]: register schedule E:\Program Files\program\message-board\node_modules\egg-multipart\app\schedule\clean_tmpdir.js
2020-06-19 11:44:41,668 INFO 5392 [egg-schedule]: register schedule E:\Program Files\program\message-board\node_modules\egg-logrotator\app\schedule\clean_log.js
2020-06-19 11:44:41,668 INFO 5392 [egg-schedule]: register schedule E:\Program Files\program\message-board\node_modules\egg-logrotator\app\schedule\rotate_by_file.js
2020-06-19 11:45:14,836 INFO 4932 [egg-schedule]: register schedule E:\Program Files\program\message-board\node_modules\egg-multipart\app\schedule\clean_tmpdir.js
2020-06-19 11:45:14,837 INFO 4932 [egg-schedule]: register schedule E:\Program Files\program\message-board\node_modules\egg-logrotator\app\schedule\clean_log.js
2020-06-19 11:45:14,837 INFO 4932 [egg-schedule]: register schedule E:\Program Files\program\message-board\node_modules\egg-logrotator\app\schedule\rotate_by_file.js
2020-06-19 11:45:23,207 INFO 9124 [egg-schedule]: register schedule E:\Program Files\program\message-board\node_modules\egg-multipart\app\schedule\clean_tmpdir.js
2020-06-19 11:45:23,207 INFO 9124 [egg-schedule]: register schedule E:\Program Files\program\message-board\node_modules\egg-logrotator\app\schedule\clean_log.js
2020-06-19 11:45:23,207 INFO 9124 [egg-schedule]: register schedule E:\Program Files\program\message-board\node_modules\egg-logrotator\app\schedule\rotate_by_file.js
2020-06-19 11:45:41,436 INFO 7132 [egg-schedule]: register schedule E:\Program Files\program\message-board\node_modules\egg-multipart\app\schedule\clean_tmpdir.js
2020-06-19 11:45:41,436 INFO 7132 [egg-schedule]: register schedule E:\Program Files\program\message-board\node_modules\egg-logrotator\app\schedule\clean_log.js
2020-06-19 11:45:41,436 INFO 7132 [egg-schedule]: register schedule E:\Program Files\program\message-board\node_modules\egg-logrotator\app\schedule\rotate_by_file.js
2020-06-19 11:45:47,180 INFO 9388 [egg-schedule]: register schedule E:\Program Files\program\message-board\node_modules\egg-multipart\app\schedule\clean_tmpdir.js
2020-06-19 11:45:47,180 INFO 9388 [egg-schedule]: register schedule E:\Program Files\program\message-board\node_modules\egg-logrotator\app\schedule\clean_log.js
2020-06-19 11:45:47,180 INFO 9388 [egg-schedule]: register schedule E:\Program Files\program\message-board\node_modules\egg-logrotator\app\schedule\rotate_by_file.js
2020-06-19 11:49:10,612 INFO 11660 [egg-schedule]: register schedule E:\Program Files\program\message-board\node_modules\egg-multipart\app\schedule\clean_tmpdir.js
2020-06-19 11:49:10,612 INFO 11660 [egg-schedule]: register schedule E:\Program Files\program\message-board\node_modules\egg-logrotator\app\schedule\clean_log.js
2020-06-19 11:49:10,612 INFO 11660 [egg-schedule]: register schedule E:\Program Files\program\message-board\node_modules\egg-logrotator\app\schedule\rotate_by_file.js
2020-06-19 11:49:15,239 INFO 7300 [egg-schedule]: register schedule E:\Program Files\program\message-board\node_modules\egg-multipart\app\schedule\clean_tmpdir.js
2020-06-19 11:49:15,239 INFO 7300 [egg-schedule]: register schedule E:\Program Files\program\message-board\node_modules\egg-logrotator\app\schedule\clean_log.js
2020-06-19 11:49:15,239 INFO 7300 [egg-schedule]: register schedule E:\Program Files\program\message-board\node_modules\egg-logrotator\app\schedule\rotate_by_file.js
2020-06-19 11:51:27,868 INFO 16728 [egg-schedule]: register schedule E:\Program Files\program\message-board\node_modules\egg-multipart\app\schedule\clean_tmpdir.js
2020-06-19 11:51:27,868 INFO 16728 [egg-schedule]: register schedule E:\Program Files\program\message-board\node_modules\egg-logrotator\app\schedule\clean_log.js
2020-06-19 11:51:27,868 INFO 16728 [egg-schedule]: register schedule E:\Program Files\program\message-board\node_modules\egg-logrotator\app\schedule\rotate_by_file.js
2020-06-19 11:52:02,327 INFO 11260 [egg-schedule]: register schedule E:\Program Files\program\message-board\node_modules\egg-multipart\app\schedule\clean_tmpdir.js
2020-06-19 11:52:02,327 INFO 11260 [egg-schedule]: register schedule E:\Program Files\program\message-board\node_modules\egg-logrotator\app\schedule\clean_log.js
2020-06-19 11:52:02,327 INFO 11260 [egg-schedule]: register schedule E:\Program Files\program\message-board\node_modules\egg-logrotator\app\schedule\rotate_by_file.js
2020-06-19 12:05:24,707 INFO 9120 [egg-schedule]: register schedule E:\Program Files\program\message-board\node_modules\egg-multipart\app\schedule\clean_tmpdir.js
2020-06-19 12:05:24,707 INFO 9120 [egg-schedule]: register schedule E:\Program Files\program\message-board\node_modules\egg-logrotator\app\schedule\clean_log.js
2020-06-19 12:05:24,707 INFO 9120 [egg-schedule]: register schedule E:\Program Files\program\message-board\node_modules\egg-logrotator\app\schedule\rotate_by_file.js
2020-06-19 12:09:51,707 INFO 11488 [egg-schedule]: register schedule E:\Program Files\program\message-board\node_modules\egg-multipart\app\schedule\clean_tmpdir.js
2020-06-19 12:09:51,707 INFO 11488 [egg-schedule]: register schedule E:\Program Files\program\message-board\node_modules\egg-logrotator\app\schedule\clean_log.js
2020-06-19 12:09:51,707 INFO 11488 [egg-schedule]: register schedule E:\Program Files\program\message-board\node_modules\egg-logrotator\app\schedule\rotate_by_file.js
2020-06-19 12:10:21,313 INFO 6128 [egg-schedule]: register schedule E:\Program Files\program\message-board\node_modules\egg-multipart\app\schedule\clean_tmpdir.js
2020-06-19 12:10:21,313 INFO 6128 [egg-schedule]: register schedule E:\Program Files\program\message-board\node_modules\egg-logrotator\app\schedule\clean_log.js
2020-06-19 12:10:21,313 INFO 6128 [egg-schedule]: register schedule E:\Program Files\program\message-board\node_modules\egg-logrotator\app\schedule\rotate_by_file.js
2020-06-19 12:11:56,371 INFO 14496 [egg-schedule]: register schedule E:\Program Files\program\message-board\node_modules\egg-multipart\app\schedule\clean_tmpdir.js
2020-06-19 12:11:56,371 INFO 14496 [egg-schedule]: register schedule E:\Program Files\program\message-board\node_modules\egg-logrotator\app\schedule\clean_log.js
2020-06-19 12:11:56,372 INFO 14496 [egg-schedule]: register schedule E:\Program Files\program\message-board\node_modules\egg-logrotator\app\schedule\rotate_by_file.js
2020-06-19 12:12:24,287 INFO 17172 [egg-schedule]: register schedule E:\Program Files\program\message-board\node_modules\egg-multipart\app\schedule\clean_tmpdir.js
2020-06-19 12:12:24,287 INFO 17172 [egg-schedule]: register schedule E:\Program Files\program\message-board\node_modules\egg-logrotator\app\schedule\clean_log.js
2020-06-19 12:12:24,287 INFO 17172 [egg-schedule]: register schedule E:\Program Files\program\message-board\node_modules\egg-logrotator\app\schedule\rotate_by_file.js
2020-06-19 12:12:38,107 INFO 14884 [egg-schedule]: register schedule E:\Program Files\program\message-board\node_modules\egg-multipart\app\schedule\clean_tmpdir.js
2020-06-19 12:12:38,107 INFO 14884 [egg-schedule]: register schedule E:\Program Files\program\message-board\node_modules\egg-logrotator\app\schedule\clean_log.js
2020-06-19 12:12:38,107 INFO 14884 [egg-schedule]: register schedule E:\Program Files\program\message-board\node_modules\egg-logrotator\app\schedule\rotate_by_file.js
2020-06-19 12:12:53,959 INFO 7496 [egg-schedule]: register schedule E:\Program Files\program\message-board\node_modules\egg-multipart\app\schedule\clean_tmpdir.js
2020-06-19 12:12:53,959 INFO 7496 [egg-schedule]: register schedule E:\Program Files\program\message-board\node_modules\egg-logrotator\app\schedule\clean_log.js
2020-06-19 12:12:53,959 INFO 7496 [egg-schedule]: register schedule E:\Program Files\program\message-board\node_modules\egg-logrotator\app\schedule\rotate_by_file.js
2020-06-19 12:13:12,258 INFO 13276 [egg-schedule]: register schedule E:\Program Files\program\message-board\node_modules\egg-multipart\app\schedule\clean_tmpdir.js
2020-06-19 12:13:12,258 INFO 13276 [egg-schedule]: register schedule E:\Program Files\program\message-board\node_modules\egg-logrotator\app\schedule\clean_log.js
2020-06-19 12:13:12,258 INFO 13276 [egg-schedule]: register schedule E:\Program Files\program\message-board\node_modules\egg-logrotator\app\schedule\rotate_by_file.js
2020-06-19 12:13:17,161 INFO 12276 [egg-schedule]: register schedule E:\Program Files\program\message-board\node_modules\egg-multipart\app\schedule\clean_tmpdir.js
2020-06-19 12:13:17,161 INFO 12276 [egg-schedule]: register schedule E:\Program Files\program\message-board\node_modules\egg-logrotator\app\schedule\clean_log.js
2020-06-19 12:13:17,161 INFO 12276 [egg-schedule]: register schedule E:\Program Files\program\message-board\node_modules\egg-logrotator\app\schedule\rotate_by_file.js
2020-06-19 12:13:44,079 INFO 12456 [egg-schedule]: register schedule E:\Program Files\program\message-board\node_modules\egg-multipart\app\schedule\clean_tmpdir.js
2020-06-19 12:13:44,079 INFO 12456 [egg-schedule]: register schedule E:\Program Files\program\message-board\node_modules\egg-logrotator\app\schedule\clean_log.js
2020-06-19 12:13:44,079 INFO 12456 [egg-schedule]: register schedule E:\Program Files\program\message-board\node_modules\egg-logrotator\app\schedule\rotate_by_file.js
2020-06-19 12:14:11,006 INFO 7016 [egg-schedule]: register schedule E:\Program Files\program\message-board\node_modules\egg-multipart\app\schedule\clean_tmpdir.js
2020-06-19 12:14:11,006 INFO 7016 [egg-schedule]: register schedule E:\Program Files\program\message-board\node_modules\egg-logrotator\app\schedule\clean_log.js
2020-06-19 12:14:11,006 INFO 7016 [egg-schedule]: register schedule E:\Program Files\program\message-board\node_modules\egg-logrotator\app\schedule\rotate_by_file.js
2020-06-19 12:14:15,518 INFO 3488 [egg-schedule]: register schedule E:\Program Files\program\message-board\node_modules\egg-multipart\app\schedule\clean_tmpdir.js
2020-06-19 12:14:15,518 INFO 3488 [egg-schedule]: register schedule E:\Program Files\program\message-board\node_modules\egg-logrotator\app\schedule\clean_log.js
2020-06-19 12:14:15,518 INFO 3488 [egg-schedule]: register schedule E:\Program Files\program\message-board\node_modules\egg-logrotator\app\schedule\rotate_by_file.js
2020-06-19 12:14:31,677 INFO 8420 [egg-schedule]: register schedule E:\Program Files\program\message-board\node_modules\egg-multipart\app\schedule\clean_tmpdir.js
2020-06-19 12:14:31,677 INFO 8420 [egg-schedule]: register schedule E:\Program Files\program\message-board\node_modules\egg-logrotator\app\schedule\clean_log.js
2020-06-19 12:14:31,677 INFO 8420 [egg-schedule]: register schedule E:\Program Files\program\message-board\node_modules\egg-logrotator\app\schedule\rotate_by_file.js
2020-06-19 12:14:49,463 INFO 12376 [egg-schedule]: register schedule E:\Program Files\program\message-board\node_modules\egg-multipart\app\schedule\clean_tmpdir.js
2020-06-19 12:14:49,463 INFO 12376 [egg-schedule]: register schedule E:\Program Files\program\message-board\node_modules\egg-logrotator\app\schedule\clean_log.js
2020-06-19 12:14:49,463 INFO 12376 [egg-schedule]: register schedule E:\Program Files\program\message-board\node_modules\egg-logrotator\app\schedule\rotate_by_file.js
2020-06-19 12:15:16,533 INFO 14100 [egg-schedule]: register schedule E:\Program Files\program\message-board\node_modules\egg-multipart\app\schedule\clean_tmpdir.js
2020-06-19 12:15:16,534 INFO 14100 [egg-schedule]: register schedule E:\Program Files\program\message-board\node_modules\egg-logrotator\app\schedule\clean_log.js
2020-06-19 12:15:16,534 INFO 14100 [egg-schedule]: register schedule E:\Program Files\program\message-board\node_modules\egg-logrotator\app\schedule\rotate_by_file.js
